<?xml version="1.0" encoding="UTF-8"?>
<!-- Generated by org.testng.reporters.JUnitXMLReporter -->
<testsuite ignored="0" hostname="LAPTOP-5F0AKJ4H" failures="0" tests="3" name="MacOS Test" time="108.897" errors="0" timestamp="26 Jul 2022 18:15:18 GMT">
  <testcase classname="lambdatest.LambdaTest" name="testScenarioOne" time="18.431"/>
  <testcase classname="lambdatest.LambdaTest" name="testScenarioTwo" time="16.311"/>
  <testcase classname="lambdatest.LambdaTest" name="testScenarioThree" time="27.442"/>
</testsuite> <!-- MacOS Test -->
