<?xml version="1.0" encoding="UTF-8"?>
<!-- Generated by org.testng.reporters.JUnitXMLReporter -->
<testsuite ignored="0" hostname="LAPTOP-5F0AKJ4H" failures="0" tests="3" name="Windows 10" time="183.977" errors="0" timestamp="26 Jul 2022 18:16:33 GMT">
  <testcase classname="lambdatest.LambdaTest" name="testScenarioOne" time="20.377"/>
  <testcase classname="lambdatest.LambdaTest" name="testScenarioTwo" time="17.429"/>
  <testcase classname="lambdatest.LambdaTest" name="testScenarioThree" time="31.782"/>
</testsuite> <!-- Windows 10 -->
