<?xml version="1.0" encoding="UTF-8"?>
<!-- Generated by org.testng.reporters.JUnitXMLReporter -->
<testsuite ignored="0" hostname="LAPTOP-5F0AKJ4H" failures="0" tests="3" name="Windows 10 Test" time="212.751" errors="0" timestamp="26 Jul 2022 18:17:02 GMT">
  <testcase classname="lambdatest.LambdaTest" name="testScenarioOne" time="19.045"/>
  <testcase classname="lambdatest.LambdaTest" name="testScenarioTwo" time="16.927"/>
  <testcase classname="lambdatest.LambdaTest" name="testScenarioThree" time="28.924"/>
</testsuite> <!-- Windows 10 Test -->
