<?xml version="1.0" encoding="UTF-8"?>
<!-- Generated by org.testng.reporters.JUnitXMLReporter -->
<testsuite ignored="0" hostname="LAPTOP-5F0AKJ4H" failures="0" tests="3" name="Windows 7 Test" time="228.009" errors="0" timestamp="26 Jul 2022 18:17:17 GMT">
  <testcase classname="lambdatest.LambdaTest" name="testScenarioOne" time="18.636"/>
  <testcase classname="lambdatest.LambdaTest" name="testScenarioTwo" time="16.11"/>
  <testcase classname="lambdatest.LambdaTest" name="testScenarioThree" time="26.373"/>
</testsuite> <!-- Windows 7 Test -->
