<?xml version="1.0" encoding="UTF-8"?>
<!-- Generated by org.testng.reporters.JUnitXMLReporter -->
<testsuite ignored="0" hostname="sakshinarkh-seleniumjav-u931rbi50ok" failures="0" tests="3" name="MacOS Test" time="90.745" errors="0" timestamp="27 Jul 2022 09:17:47 GMT">
  <testcase classname="lambdatest.LambdaTest" name="testScenarioOne" time="15.567"/>
  <testcase classname="lambdatest.LambdaTest" name="testScenarioTwo" time="13.775"/>
  <testcase classname="lambdatest.LambdaTest" name="testScenarioThree" time="19.259"/>
</testsuite> <!-- MacOS Test -->
