<?xml version="1.0" encoding="UTF-8"?>
<!-- Generated by org.testng.reporters.JUnitXMLReporter -->
<testsuite ignored="0" hostname="sakshinarkh-seleniumjav-9ivzh66805q" failures="0" tests="3" name="MacOS Test" time="120.236" errors="0" timestamp="29 Jul 2022 18:47:39 GMT">
  <testcase classname="lambdatest.LambdaTest" name="testScenarioOne" time="16.312"/>
  <testcase classname="lambdatest.LambdaTest" name="testScenarioTwo" time="14.395"/>
  <testcase classname="lambdatest.LambdaTest" name="testScenarioThree" time="19.116"/>
</testsuite> <!-- MacOS Test -->
