<?xml version="1.0" encoding="UTF-8"?>
<!-- Generated by org.testng.reporters.JUnitXMLReporter -->
<testsuite ignored="0" hostname="sakshinarkh-seleniumjav-pr0a2e0caas" failures="0" tests="3" name="Windows 10" time="186.305" errors="0" timestamp="29 Jul 2022 18:55:04 GMT">
  <testcase classname="lambdatest.LambdaTest" name="testScenarioOne" time="17.301"/>
  <testcase classname="lambdatest.LambdaTest" name="testScenarioTwo" time="16.825"/>
  <testcase classname="lambdatest.LambdaTest" name="testScenarioThree" time="21.676"/>
</testsuite> <!-- Windows 10 -->
