<?xml version="1.0" encoding="UTF-8"?>
<!-- Generated by org.testng.reporters.JUnitXMLReporter -->
<testsuite ignored="0" hostname="sakshinarkh-seleniumjav-u931rbi50ok" failures="0" tests="3" name="Windows 10 Test" time="184.275" errors="0" timestamp="27 Jul 2022 09:19:21 GMT">
  <testcase classname="lambdatest.LambdaTest" name="testScenarioOne" time="17.632"/>
  <testcase classname="lambdatest.LambdaTest" name="testScenarioTwo" time="16.203"/>
  <testcase classname="lambdatest.LambdaTest" name="testScenarioThree" time="19.153"/>
</testsuite> <!-- Windows 10 Test -->
