<?xml version="1.0" encoding="UTF-8"?>
<!-- Generated by org.testng.reporters.JUnitXMLReporter -->
<testsuite ignored="0" hostname="sakshinarkh-seleniumjav-u931rbi50ok" failures="0" tests="3" name="Windows 10" time="198.179" errors="0" timestamp="27 Jul 2022 09:19:35 GMT">
  <testcase classname="lambdatest.LambdaTest" name="testScenarioOne" time="17.449"/>
  <testcase classname="lambdatest.LambdaTest" name="testScenarioTwo" time="15.385"/>
  <testcase classname="lambdatest.LambdaTest" name="testScenarioThree" time="21.511"/>
</testsuite> <!-- Windows 10 -->
