<?xml version="1.0" encoding="UTF-8"?>
<!-- Generated by org.testng.reporters.JUnitXMLReporter -->
<testsuite ignored="0" hostname="sakshinarkh-seleniumjav-9ivzh66805q" failures="0" tests="3" name="Windows 7 Test" time="146.934" errors="0" timestamp="29 Jul 2022 18:48:06 GMT">
  <testcase classname="lambdatest.LambdaTest" name="testScenarioOne" time="15.938"/>
  <testcase classname="lambdatest.LambdaTest" name="testScenarioTwo" time="14.582"/>
  <testcase classname="lambdatest.LambdaTest" name="testScenarioThree" time="17.588"/>
</testsuite> <!-- Windows 7 Test -->
