<?xml version="1.0" encoding="UTF-8"?>
<!-- Generated by org.testng.reporters.JUnitXMLReporter -->
<testsuite ignored="0" hostname="sakshinarkh-seleniumjav-pr0a2e0caas" failures="0" tests="3" name="Windows 7 Test" time="128.494" errors="0" timestamp="29 Jul 2022 18:54:06 GMT">
  <testcase classname="lambdatest.LambdaTest" name="testScenarioOne" time="15.215"/>
  <testcase classname="lambdatest.LambdaTest" name="testScenarioTwo" time="13.732"/>
  <testcase classname="lambdatest.LambdaTest" name="testScenarioThree" time="17.393"/>
</testsuite> <!-- Windows 7 Test -->
