<?xml version="1.0" encoding="UTF-8"?>
<!-- Generated by org.testng.reporters.JUnitXMLReporter -->
<testsuite ignored="0" hostname="sakshinarkh-seleniumjav-9ivzh66805q" failures="0" tests="3" name="Windows 10 Test" time="181.756" errors="0" timestamp="29 Jul 2022 18:48:41 GMT">
  <testcase classname="lambdatest.LambdaTest" name="testScenarioOne" time="16.226"/>
  <testcase classname="lambdatest.LambdaTest" name="testScenarioTwo" time="14.903"/>
  <testcase classname="lambdatest.LambdaTest" name="testScenarioThree" time="22.383"/>
</testsuite> <!-- Windows 10 Test -->
