<?xml version="1.0" encoding="UTF-8"?>
<testng-results ignored="0" total="12" passed="12" failed="0" skipped="0">
  <reporter-output>
  </reporter-output>
  <suite started-at="2022-07-26T18:13:29Z" name="Suite" finished-at="2022-07-26T18:17:17Z" duration-ms="228009">
    <groups>
    </groups>
    <test started-at="2022-07-26T18:13:29Z" name="MacOS Test" finished-at="2022-07-26T18:15:18Z" duration-ms="108897">
      <class name="lambdatest.LambdaTest">
        <test-method is-config="true" signature="setUpClass(java.lang.String, java.lang.String, java.lang.String)[pri:0, instance:lambdatest.LambdaTest@d21a74c]" started-at="2022-07-26T18:13:29Z" name="setUpClass" finished-at="2022-07-26T18:13:40Z" duration-ms="11111" status="PASS">
          <params>
            <param index="0">
              <value>
                <![CDATA[MicrosoftEdge]]>
              </value>
            </param>
            <param index="1">
              <value>
                <![CDATA[87.0]]>
              </value>
            </param>
            <param index="2">
              <value>
                <![CDATA[macOS Sierra]]>
              </value>
            </param>
          </params>
          <reporter-output>
          </reporter-output>
        </test-method> <!-- setUpClass -->
        <test-method signature="testScenarioOne()[pri:0, instance:lambdatest.LambdaTest@d21a74c]" started-at="2022-07-26T18:13:40Z" name="testScenarioOne" finished-at="2022-07-26T18:13:59Z" duration-ms="18431" status="PASS">
          <reporter-output>
          </reporter-output>
        </test-method> <!-- testScenarioOne -->
        <test-method is-config="true" signature="close()[pri:0, instance:lambdatest.LambdaTest@d21a74c]" started-at="2022-07-26T18:13:59Z" name="close" finished-at="2022-07-26T18:13:59Z" duration-ms="615" status="PASS">
          <reporter-output>
          </reporter-output>
        </test-method> <!-- close -->
        <test-method is-config="true" signature="setUpClass(java.lang.String, java.lang.String, java.lang.String)[pri:0, instance:lambdatest.LambdaTest@d21a74c]" started-at="2022-07-26T18:13:59Z" name="setUpClass" finished-at="2022-07-26T18:14:17Z" duration-ms="17402" status="PASS">
          <params>
            <param index="0">
              <value>
                <![CDATA[MicrosoftEdge]]>
              </value>
            </param>
            <param index="1">
              <value>
                <![CDATA[87.0]]>
              </value>
            </param>
            <param index="2">
              <value>
                <![CDATA[macOS Sierra]]>
              </value>
            </param>
          </params>
          <reporter-output>
          </reporter-output>
        </test-method> <!-- setUpClass -->
        <test-method signature="testScenarioTwo()[pri:1, instance:lambdatest.LambdaTest@d21a74c]" started-at="2022-07-26T18:14:17Z" name="testScenarioTwo" finished-at="2022-07-26T18:14:33Z" duration-ms="16311" status="PASS">
          <reporter-output>
          </reporter-output>
        </test-method> <!-- testScenarioTwo -->
        <test-method is-config="true" signature="close()[pri:0, instance:lambdatest.LambdaTest@d21a74c]" started-at="2022-07-26T18:14:33Z" name="close" finished-at="2022-07-26T18:14:34Z" duration-ms="685" status="PASS">
          <reporter-output>
          </reporter-output>
        </test-method> <!-- close -->
        <test-method is-config="true" signature="setUpClass(java.lang.String, java.lang.String, java.lang.String)[pri:0, instance:lambdatest.LambdaTest@d21a74c]" started-at="2022-07-26T18:14:34Z" name="setUpClass" finished-at="2022-07-26T18:14:50Z" duration-ms="16280" status="PASS">
          <params>
            <param index="0">
              <value>
                <![CDATA[MicrosoftEdge]]>
              </value>
            </param>
            <param index="1">
              <value>
                <![CDATA[87.0]]>
              </value>
            </param>
            <param index="2">
              <value>
                <![CDATA[macOS Sierra]]>
              </value>
            </param>
          </params>
          <reporter-output>
          </reporter-output>
        </test-method> <!-- setUpClass -->
        <test-method signature="testScenarioThree()[pri:2, instance:lambdatest.LambdaTest@d21a74c]" started-at="2022-07-26T18:14:50Z" name="testScenarioThree" finished-at="2022-07-26T18:15:17Z" duration-ms="27442" status="PASS">
          <reporter-output>
          </reporter-output>
        </test-method> <!-- testScenarioThree -->
        <test-method is-config="true" signature="close()[pri:0, instance:lambdatest.LambdaTest@d21a74c]" started-at="2022-07-26T18:15:17Z" name="close" finished-at="2022-07-26T18:15:18Z" duration-ms="591" status="PASS">
          <reporter-output>
          </reporter-output>
        </test-method> <!-- close -->
      </class> <!-- lambdatest.LambdaTest -->
    </test> <!-- MacOS Test -->
    <test started-at="2022-07-26T18:13:29Z" name="Windows 10" finished-at="2022-07-26T18:16:33Z" duration-ms="183977">
      <class name="lambdatest.LambdaTest">
        <test-method is-config="true" signature="setUpClass(java.lang.String, java.lang.String, java.lang.String)[pri:0, instance:lambdatest.LambdaTest@6a2b953e]" started-at="2022-07-26T18:13:29Z" name="setUpClass" finished-at="2022-07-26T18:13:42Z" duration-ms="12647" status="PASS">
          <params>
            <param index="0">
              <value>
                <![CDATA[Internet Explorer]]>
              </value>
            </param>
            <param index="1">
              <value>
                <![CDATA[11.0]]>
              </value>
            </param>
            <param index="2">
              <value>
                <![CDATA[Windows 10]]>
              </value>
            </param>
          </params>
          <reporter-output>
          </reporter-output>
        </test-method> <!-- setUpClass -->
        <test-method signature="testScenarioOne()[pri:0, instance:lambdatest.LambdaTest@6a2b953e]" started-at="2022-07-26T18:13:42Z" name="testScenarioOne" finished-at="2022-07-26T18:14:02Z" duration-ms="20377" status="PASS">
          <reporter-output>
          </reporter-output>
        </test-method> <!-- testScenarioOne -->
        <test-method is-config="true" signature="close()[pri:0, instance:lambdatest.LambdaTest@6a2b953e]" started-at="2022-07-26T18:14:02Z" name="close" finished-at="2022-07-26T18:14:03Z" duration-ms="513" status="PASS">
          <reporter-output>
          </reporter-output>
        </test-method> <!-- close -->
        <test-method is-config="true" signature="setUpClass(java.lang.String, java.lang.String, java.lang.String)[pri:0, instance:lambdatest.LambdaTest@6a2b953e]" started-at="2022-07-26T18:14:03Z" name="setUpClass" finished-at="2022-07-26T18:15:21Z" duration-ms="78443" status="PASS">
          <params>
            <param index="0">
              <value>
                <![CDATA[Internet Explorer]]>
              </value>
            </param>
            <param index="1">
              <value>
                <![CDATA[11.0]]>
              </value>
            </param>
            <param index="2">
              <value>
                <![CDATA[Windows 10]]>
              </value>
            </param>
          </params>
          <reporter-output>
          </reporter-output>
        </test-method> <!-- setUpClass -->
        <test-method signature="testScenarioTwo()[pri:1, instance:lambdatest.LambdaTest@6a2b953e]" started-at="2022-07-26T18:15:21Z" name="testScenarioTwo" finished-at="2022-07-26T18:15:39Z" duration-ms="17429" status="PASS">
          <reporter-output>
          </reporter-output>
        </test-method> <!-- testScenarioTwo -->
        <test-method is-config="true" signature="close()[pri:0, instance:lambdatest.LambdaTest@6a2b953e]" started-at="2022-07-26T18:15:39Z" name="close" finished-at="2022-07-26T18:15:39Z" duration-ms="481" status="PASS">
          <reporter-output>
          </reporter-output>
        </test-method> <!-- close -->
        <test-method is-config="true" signature="setUpClass(java.lang.String, java.lang.String, java.lang.String)[pri:0, instance:lambdatest.LambdaTest@6a2b953e]" started-at="2022-07-26T18:15:39Z" name="setUpClass" finished-at="2022-07-26T18:16:01Z" duration-ms="21810" status="PASS">
          <params>
            <param index="0">
              <value>
                <![CDATA[Internet Explorer]]>
              </value>
            </param>
            <param index="1">
              <value>
                <![CDATA[11.0]]>
              </value>
            </param>
            <param index="2">
              <value>
                <![CDATA[Windows 10]]>
              </value>
            </param>
          </params>
          <reporter-output>
          </reporter-output>
        </test-method> <!-- setUpClass -->
        <test-method signature="testScenarioThree()[pri:2, instance:lambdatest.LambdaTest@6a2b953e]" started-at="2022-07-26T18:16:01Z" name="testScenarioThree" finished-at="2022-07-26T18:16:33Z" duration-ms="31782" status="PASS">
          <reporter-output>
          </reporter-output>
        </test-method> <!-- testScenarioThree -->
        <test-method is-config="true" signature="close()[pri:0, instance:lambdatest.LambdaTest@6a2b953e]" started-at="2022-07-26T18:16:33Z" name="close" finished-at="2022-07-26T18:16:33Z" duration-ms="471" status="PASS">
          <reporter-output>
          </reporter-output>
        </test-method> <!-- close -->
      </class> <!-- lambdatest.LambdaTest -->
    </test> <!-- Windows 10 -->
    <test started-at="2022-07-26T18:13:29Z" name="Windows 10 Test" finished-at="2022-07-26T18:17:02Z" duration-ms="212751">
      <class name="lambdatest.LambdaTest">
        <test-method is-config="true" signature="setUpClass(java.lang.String, java.lang.String, java.lang.String)[pri:0, instance:lambdatest.LambdaTest@6db9f5a4]" started-at="2022-07-26T18:13:29Z" name="setUpClass" finished-at="2022-07-26T18:14:49Z" duration-ms="79717" status="PASS">
          <params>
            <param index="0">
              <value>
                <![CDATA[Chrome]]>
              </value>
            </param>
            <param index="1">
              <value>
                <![CDATA[88.0]]>
              </value>
            </param>
            <param index="2">
              <value>
                <![CDATA[Windows 10]]>
              </value>
            </param>
          </params>
          <reporter-output>
          </reporter-output>
        </test-method> <!-- setUpClass -->
        <test-method signature="testScenarioOne()[pri:0, instance:lambdatest.LambdaTest@6db9f5a4]" started-at="2022-07-26T18:14:49Z" name="testScenarioOne" finished-at="2022-07-26T18:15:08Z" duration-ms="19045" status="PASS">
          <reporter-output>
          </reporter-output>
        </test-method> <!-- testScenarioOne -->
        <test-method is-config="true" signature="close()[pri:0, instance:lambdatest.LambdaTest@6db9f5a4]" started-at="2022-07-26T18:15:08Z" name="close" finished-at="2022-07-26T18:15:08Z" duration-ms="409" status="PASS">
          <reporter-output>
          </reporter-output>
        </test-method> <!-- close -->
        <test-method is-config="true" signature="setUpClass(java.lang.String, java.lang.String, java.lang.String)[pri:0, instance:lambdatest.LambdaTest@6db9f5a4]" started-at="2022-07-26T18:15:08Z" name="setUpClass" finished-at="2022-07-26T18:15:29Z" duration-ms="20375" status="PASS">
          <params>
            <param index="0">
              <value>
                <![CDATA[Chrome]]>
              </value>
            </param>
            <param index="1">
              <value>
                <![CDATA[88.0]]>
              </value>
            </param>
            <param index="2">
              <value>
                <![CDATA[Windows 10]]>
              </value>
            </param>
          </params>
          <reporter-output>
          </reporter-output>
        </test-method> <!-- setUpClass -->
        <test-method signature="testScenarioTwo()[pri:1, instance:lambdatest.LambdaTest@6db9f5a4]" started-at="2022-07-26T18:15:29Z" name="testScenarioTwo" finished-at="2022-07-26T18:15:46Z" duration-ms="16927" status="PASS">
          <reporter-output>
          </reporter-output>
        </test-method> <!-- testScenarioTwo -->
        <test-method is-config="true" signature="close()[pri:0, instance:lambdatest.LambdaTest@6db9f5a4]" started-at="2022-07-26T18:15:46Z" name="close" finished-at="2022-07-26T18:15:46Z" duration-ms="482" status="PASS">
          <reporter-output>
          </reporter-output>
        </test-method> <!-- close -->
        <test-method is-config="true" signature="setUpClass(java.lang.String, java.lang.String, java.lang.String)[pri:0, instance:lambdatest.LambdaTest@6db9f5a4]" started-at="2022-07-26T18:15:46Z" name="setUpClass" finished-at="2022-07-26T18:16:32Z" duration-ms="46384" status="PASS">
          <params>
            <param index="0">
              <value>
                <![CDATA[Chrome]]>
              </value>
            </param>
            <param index="1">
              <value>
                <![CDATA[88.0]]>
              </value>
            </param>
            <param index="2">
              <value>
                <![CDATA[Windows 10]]>
              </value>
            </param>
          </params>
          <reporter-output>
          </reporter-output>
        </test-method> <!-- setUpClass -->
        <test-method signature="testScenarioThree()[pri:2, instance:lambdatest.LambdaTest@6db9f5a4]" started-at="2022-07-26T18:16:32Z" name="testScenarioThree" finished-at="2022-07-26T18:17:01Z" duration-ms="28924" status="PASS">
          <reporter-output>
          </reporter-output>
        </test-method> <!-- testScenarioThree -->
        <test-method is-config="true" signature="close()[pri:0, instance:lambdatest.LambdaTest@6db9f5a4]" started-at="2022-07-26T18:17:01Z" name="close" finished-at="2022-07-26T18:17:02Z" duration-ms="463" status="PASS">
          <reporter-output>
          </reporter-output>
        </test-method> <!-- close -->
      </class> <!-- lambdatest.LambdaTest -->
    </test> <!-- Windows 10 Test -->
    <test started-at="2022-07-26T18:13:29Z" name="Windows 7 Test" finished-at="2022-07-26T18:17:17Z" duration-ms="228009">
      <class name="lambdatest.LambdaTest">
        <test-method is-config="true" signature="setUpClass(java.lang.String, java.lang.String, java.lang.String)[pri:0, instance:lambdatest.LambdaTest@1190200a]" started-at="2022-07-26T18:13:29Z" name="setUpClass" finished-at="2022-07-26T18:14:20Z" duration-ms="50533" status="PASS">
          <params>
            <param index="0">
              <value>
                <![CDATA[Firefox]]>
              </value>
            </param>
            <param index="1">
              <value>
                <![CDATA[82.0]]>
              </value>
            </param>
            <param index="2">
              <value>
                <![CDATA[Windows 7]]>
              </value>
            </param>
          </params>
          <reporter-output>
          </reporter-output>
        </test-method> <!-- setUpClass -->
        <test-method signature="testScenarioOne()[pri:0, instance:lambdatest.LambdaTest@1190200a]" started-at="2022-07-26T18:14:20Z" name="testScenarioOne" finished-at="2022-07-26T18:14:38Z" duration-ms="18636" status="PASS">
          <reporter-output>
          </reporter-output>
        </test-method> <!-- testScenarioOne -->
        <test-method is-config="true" signature="close()[pri:0, instance:lambdatest.LambdaTest@1190200a]" started-at="2022-07-26T18:14:38Z" name="close" finished-at="2022-07-26T18:14:39Z" duration-ms="818" status="PASS">
          <reporter-output>
          </reporter-output>
        </test-method> <!-- close -->
        <test-method is-config="true" signature="setUpClass(java.lang.String, java.lang.String, java.lang.String)[pri:0, instance:lambdatest.LambdaTest@1190200a]" started-at="2022-07-26T18:14:39Z" name="setUpClass" finished-at="2022-07-26T18:15:49Z" duration-ms="70240" status="PASS">
          <params>
            <param index="0">
              <value>
                <![CDATA[Firefox]]>
              </value>
            </param>
            <param index="1">
              <value>
                <![CDATA[82.0]]>
              </value>
            </param>
            <param index="2">
              <value>
                <![CDATA[Windows 7]]>
              </value>
            </param>
          </params>
          <reporter-output>
          </reporter-output>
        </test-method> <!-- setUpClass -->
        <test-method signature="testScenarioTwo()[pri:1, instance:lambdatest.LambdaTest@1190200a]" started-at="2022-07-26T18:15:49Z" name="testScenarioTwo" finished-at="2022-07-26T18:16:05Z" duration-ms="16110" status="PASS">
          <reporter-output>
          </reporter-output>
        </test-method> <!-- testScenarioTwo -->
        <test-method is-config="true" signature="close()[pri:0, instance:lambdatest.LambdaTest@1190200a]" started-at="2022-07-26T18:16:05Z" name="close" finished-at="2022-07-26T18:16:06Z" duration-ms="890" status="PASS">
          <reporter-output>
          </reporter-output>
        </test-method> <!-- close -->
        <test-method is-config="true" signature="setUpClass(java.lang.String, java.lang.String, java.lang.String)[pri:0, instance:lambdatest.LambdaTest@1190200a]" started-at="2022-07-26T18:16:06Z" name="setUpClass" finished-at="2022-07-26T18:16:50Z" duration-ms="43518" status="PASS">
          <params>
            <param index="0">
              <value>
                <![CDATA[Firefox]]>
              </value>
            </param>
            <param index="1">
              <value>
                <![CDATA[82.0]]>
              </value>
            </param>
            <param index="2">
              <value>
                <![CDATA[Windows 7]]>
              </value>
            </param>
          </params>
          <reporter-output>
          </reporter-output>
        </test-method> <!-- setUpClass -->
        <test-method signature="testScenarioThree()[pri:2, instance:lambdatest.LambdaTest@1190200a]" started-at="2022-07-26T18:16:50Z" name="testScenarioThree" finished-at="2022-07-26T18:17:16Z" duration-ms="26373" status="PASS">
          <reporter-output>
          </reporter-output>
        </test-method> <!-- testScenarioThree -->
        <test-method is-config="true" signature="close()[pri:0, instance:lambdatest.LambdaTest@1190200a]" started-at="2022-07-26T18:17:16Z" name="close" finished-at="2022-07-26T18:17:17Z" duration-ms="864" status="PASS">
          <reporter-output>
          </reporter-output>
        </test-method> <!-- close -->
      </class> <!-- lambdatest.LambdaTest -->
    </test> <!-- Windows 7 Test -->
  </suite> <!-- Suite -->
</testng-results>
